{"type":"server-started","port":56946,"host":"127.0.0.1","url_host":"localhost","url":"http://localhost:56946","screen_dir":"/Users/ahimsa/Documents/Lakshmi/.superpowers/brainstorm/82829-1776035250/content","state_dir":"/Users/ahimsa/Documents/Lakshmi/.superpowers/brainstorm/82829-1776035250/state"}
{"type":"screen-added","file":"/Users/ahimsa/Documents/Lakshmi/.superpowers/brainstorm/82829-1776035250/content/nav-approaches.html"}
{"type":"screen-updated","file":"/Users/ahimsa/Documents/Lakshmi/.superpowers/brainstorm/82829-1776035250/content/nav-approaches.html"}
{"type":"screen-updated","file":"/Users/ahimsa/Documents/Lakshmi/.superpowers/brainstorm/82829-1776035250/content/nav-approaches.html"}
{"source":"user-event","type":"click","text":"HyperliquidFLOW\n          Overview\n          Daily Brief\n          Wallets\n          Signals\n          Edge\n        \n        \n        \n          Wallets\n          \n          \n            Discovery\n            Top 50\n            In Position\n            All\n            Lookup\n          \n          \n          \n            Stats grid\n            Last scan\n          \n          Scan pipeline\n          Top wallets table\n        \n      \n    \n    \n      A — Keep as-is\n      5 top-level nav items. Wallets/Signals each have horizontal tabs inside the page. Simple but the tabs duplicate nav-level thinking.\n      \n        ProsFamiliar patternNo change needed\n        ConsTabs feel buriedNo visual hint that sub-views exist","choice":"a","id":null,"timestamp":1776035398303}
{"source":"user-event","type":"click","text":"HyperliquidFLOW\n          Overview\n          Daily Brief\n          \n          ▾ Wallets\n          Discovery\n          Top 50\n          In Position\n          Lookup\n          \n          ▸ Signals\n          Edge\n        \n        \n        \n          Discovery\n          \n            Stats grid\n            Last scan\n          \n          Scan pipeline\n          Top wallets table\n          No in-page tabs — each sub-view is its own nav item\n        \n      \n    \n    \n      B — Expandable nav tree\n      Wallets and Signals expand in the sidebar. Each sub-view (Discovery, Top 50, Lookup, etc.) becomes its own route. No in-page tabs at all.\n      \n        ProsAll nav in one placeSub-views are first-class, bookmarkableClean main content area\n        ConsWider sidebar neededMore routes to manage","choice":"b","id":null,"timestamp":1776035400311}
{"source":"user-event","type":"click","text":"HyperliquidFLOW\n          Overview\n          Daily Brief\n          \n          ▾ Wallets\n          Discovery\n          Top 50\n          In Position\n          Lookup\n          \n          ▸ Signals\n          Edge\n        \n        \n        \n          Discovery\n          \n            Stats grid\n            Last scan\n          \n          Scan pipeline\n          Top wallets table\n          No in-page tabs — each sub-view is its own nav item\n        \n      \n    \n    \n      B — Expandable nav tree\n      Wallets and Signals expand in the sidebar. Each sub-view (Discovery, Top 50, Lookup, etc.) becomes its own route. No in-page tabs at all.\n      \n        ProsAll nav in one placeSub-views are first-class, bookmarkableClean main content area\n        ConsWider sidebar neededMore routes to manage","choice":"b","id":null,"timestamp":1776035538286}
{"source":"user-event","type":"click","text":"HyperliquidFLOW\n          Overview\n          Daily Brief\n          \n          ▾ Wallets\n          Discovery\n          Top 50\n          In Position\n          Lookup\n          \n          ▸ Signals\n          Edge\n        \n        \n        \n          Discovery\n          \n            Stats grid\n            Last scan\n          \n          Scan pipeline\n          Top wallets table\n          No in-page tabs — each sub-view is its own nav item\n        \n      \n    \n    \n      B — Expandable nav tree\n      Wallets and Signals expand in the sidebar. Each sub-view (Discovery, Top 50, Lookup, etc.) becomes its own route. No in-page tabs at all.\n      \n        ProsAll nav in one placeSub-views are first-class, bookmarkableClean main content area\n        ConsWider sidebar neededMore routes to manage","choice":"b","id":null,"timestamp":1776035541785}
{"type":"screen-added","file":"/Users/ahimsa/Documents/Lakshmi/.superpowers/brainstorm/82829-1776035250/content/waiting-1.html"}
{"type":"screen-updated","file":"/Users/ahimsa/Documents/Lakshmi/.superpowers/brainstorm/82829-1776035250/content/waiting-1.html"}
{"type":"screen-updated","file":"/Users/ahimsa/Documents/Lakshmi/.superpowers/brainstorm/82829-1776035250/content/waiting-1.html"}
{"type":"screen-updated","file":"/Users/ahimsa/Documents/Lakshmi/.superpowers/brainstorm/82829-1776035250/content/waiting-1.html"}
{"type":"screen-added","file":"/Users/ahimsa/Documents/Lakshmi/.superpowers/brainstorm/82829-1776035250/content/nav-final.html"}
{"type":"screen-updated","file":"/Users/ahimsa/Documents/Lakshmi/.superpowers/brainstorm/82829-1776035250/content/nav-final.html"}
{"type":"screen-updated","file":"/Users/ahimsa/Documents/Lakshmi/.superpowers/brainstorm/82829-1776035250/content/nav-final.html"}
{"type":"screen-updated","file":"/Users/ahimsa/Documents/Lakshmi/.superpowers/brainstorm/82829-1776035250/content/nav-final.html"}
{"type":"screen-added","file":"/Users/ahimsa/Documents/Lakshmi/.superpowers/brainstorm/82829-1776035250/content/nav-interactive.html"}
{"type":"screen-updated","file":"/Users/ahimsa/Documents/Lakshmi/.superpowers/brainstorm/82829-1776035250/content/nav-interactive.html"}
{"type":"screen-updated","file":"/Users/ahimsa/Documents/Lakshmi/.superpowers/brainstorm/82829-1776035250/content/nav-interactive.html"}
{"type":"screen-updated","file":"/Users/ahimsa/Documents/Lakshmi/.superpowers/brainstorm/82829-1776035250/content/nav-interactive.html"}
{"type":"screen-added","file":"/Users/ahimsa/Documents/Lakshmi/.superpowers/brainstorm/82829-1776035250/content/nav-styles.html"}
{"type":"screen-updated","file":"/Users/ahimsa/Documents/Lakshmi/.superpowers/brainstorm/82829-1776035250/content/nav-styles.html"}
{"type":"screen-updated","file":"/Users/ahimsa/Documents/Lakshmi/.superpowers/brainstorm/82829-1776035250/content/nav-styles.html"}
{"type":"screen-updated","file":"/Users/ahimsa/Documents/Lakshmi/.superpowers/brainstorm/82829-1776035250/content/nav-styles.html"}
{"type":"screen-added","file":"/Users/ahimsa/Documents/Lakshmi/.superpowers/brainstorm/82829-1776035250/content/nav-anim-fixed.html"}
{"type":"screen-updated","file":"/Users/ahimsa/Documents/Lakshmi/.superpowers/brainstorm/82829-1776035250/content/nav-anim-fixed.html"}
{"type":"screen-updated","file":"/Users/ahimsa/Documents/Lakshmi/.superpowers/brainstorm/82829-1776035250/content/nav-anim-fixed.html"}
{"type":"screen-updated","file":"/Users/ahimsa/Documents/Lakshmi/.superpowers/brainstorm/82829-1776035250/content/nav-anim-fixed.html"}
{"type":"screen-added","file":"/Users/ahimsa/Documents/Lakshmi/.superpowers/brainstorm/82829-1776035250/content/nav-anim-v2.html"}
{"type":"screen-updated","file":"/Users/ahimsa/Documents/Lakshmi/.superpowers/brainstorm/82829-1776035250/content/nav-anim-v2.html"}
{"type":"screen-updated","file":"/Users/ahimsa/Documents/Lakshmi/.superpowers/brainstorm/82829-1776035250/content/nav-anim-v2.html"}
{"type":"screen-updated","file":"/Users/ahimsa/Documents/Lakshmi/.superpowers/brainstorm/82829-1776035250/content/nav-anim-v2.html"}
{"type":"server-stopped","reason":"idle timeout"}
