{"type":"server-started","port":62675,"host":"127.0.0.1","url_host":"localhost","url":"http://localhost:62675","screen_dir":"/Users/ahimsa/Documents/Lakshmi/.superpowers/brainstorm/9536-1776205246/content","state_dir":"/Users/ahimsa/Documents/Lakshmi/.superpowers/brainstorm/9536-1776205246/state"}
{"type":"screen-added","file":"/Users/ahimsa/Documents/Lakshmi/.superpowers/brainstorm/9536-1776205246/content/layout-options.html"}
{"type":"screen-updated","file":"/Users/ahimsa/Documents/Lakshmi/.superpowers/brainstorm/9536-1776205246/content/layout-options.html"}
{"type":"screen-updated","file":"/Users/ahimsa/Documents/Lakshmi/.superpowers/brainstorm/9536-1776205246/content/layout-options.html"}
{"type":"screen-updated","file":"/Users/ahimsa/Documents/Lakshmi/.superpowers/brainstorm/9536-1776205246/content/layout-options.html"}
{"type":"screen-added","file":"/Users/ahimsa/Documents/Lakshmi/.superpowers/brainstorm/9536-1776205246/content/layout-v2.html"}
{"type":"screen-updated","file":"/Users/ahimsa/Documents/Lakshmi/.superpowers/brainstorm/9536-1776205246/content/layout-v2.html"}
{"type":"screen-updated","file":"/Users/ahimsa/Documents/Lakshmi/.superpowers/brainstorm/9536-1776205246/content/layout-v2.html"}
{"type":"screen-added","file":"/Users/ahimsa/Documents/Lakshmi/.superpowers/brainstorm/9536-1776205246/content/concept10-variants.html"}
{"type":"screen-updated","file":"/Users/ahimsa/Documents/Lakshmi/.superpowers/brainstorm/9536-1776205246/content/concept10-variants.html"}
{"type":"screen-updated","file":"/Users/ahimsa/Documents/Lakshmi/.superpowers/brainstorm/9536-1776205246/content/concept10-variants.html"}
{"type":"screen-updated","file":"/Users/ahimsa/Documents/Lakshmi/.superpowers/brainstorm/9536-1776205246/content/concept10-variants.html"}
{"type":"screen-added","file":"/Users/ahimsa/Documents/Lakshmi/.superpowers/brainstorm/9536-1776205246/content/v5-variants.html"}
{"type":"screen-updated","file":"/Users/ahimsa/Documents/Lakshmi/.superpowers/brainstorm/9536-1776205246/content/v5-variants.html"}
{"type":"screen-updated","file":"/Users/ahimsa/Documents/Lakshmi/.superpowers/brainstorm/9536-1776205246/content/v5-variants.html"}
{"type":"screen-updated","file":"/Users/ahimsa/Documents/Lakshmi/.superpowers/brainstorm/9536-1776205246/content/v5-variants.html"}
{"type":"screen-added","file":"/Users/ahimsa/Documents/Lakshmi/.superpowers/brainstorm/9536-1776205246/content/d-filters.html"}
{"type":"screen-updated","file":"/Users/ahimsa/Documents/Lakshmi/.superpowers/brainstorm/9536-1776205246/content/d-filters.html"}
{"type":"screen-updated","file":"/Users/ahimsa/Documents/Lakshmi/.superpowers/brainstorm/9536-1776205246/content/d-filters.html"}
{"type":"screen-updated","file":"/Users/ahimsa/Documents/Lakshmi/.superpowers/brainstorm/9536-1776205246/content/d-filters.html"}
{"type":"screen-added","file":"/Users/ahimsa/Documents/Lakshmi/.superpowers/brainstorm/9536-1776205246/content/d-filters-v2.html"}
{"type":"screen-updated","file":"/Users/ahimsa/Documents/Lakshmi/.superpowers/brainstorm/9536-1776205246/content/d-filters-v2.html"}
{"type":"screen-updated","file":"/Users/ahimsa/Documents/Lakshmi/.superpowers/brainstorm/9536-1776205246/content/d-filters-v2.html"}
{"type":"screen-added","file":"/Users/ahimsa/Documents/Lakshmi/.superpowers/brainstorm/9536-1776205246/content/coin-filter-variants.html"}
{"type":"screen-updated","file":"/Users/ahimsa/Documents/Lakshmi/.superpowers/brainstorm/9536-1776205246/content/coin-filter-variants.html"}
{"type":"screen-updated","file":"/Users/ahimsa/Documents/Lakshmi/.superpowers/brainstorm/9536-1776205246/content/coin-filter-variants.html"}
{"type":"screen-updated","file":"/Users/ahimsa/Documents/Lakshmi/.superpowers/brainstorm/9536-1776205246/content/coin-filter-variants.html"}
{"type":"server-stopped","reason":"idle timeout"}
