{"type":"server-started","port":53641,"host":"127.0.0.1","url_host":"localhost","url":"http://localhost:53641","screen_dir":"/Users/ahimsa/Documents/Lakshmi/.superpowers/brainstorm/10335-1776109913/content","state_dir":"/Users/ahimsa/Documents/Lakshmi/.superpowers/brainstorm/10335-1776109913/state"}
{"type":"screen-added","file":"/Users/ahimsa/Documents/Lakshmi/.superpowers/brainstorm/10335-1776109913/content/palette-amber.html"}
{"type":"screen-updated","file":"/Users/ahimsa/Documents/Lakshmi/.superpowers/brainstorm/10335-1776109913/content/palette-amber.html"}
{"type":"screen-updated","file":"/Users/ahimsa/Documents/Lakshmi/.superpowers/brainstorm/10335-1776109913/content/palette-amber.html"}
{"type":"screen-updated","file":"/Users/ahimsa/Documents/Lakshmi/.superpowers/brainstorm/10335-1776109913/content/palette-amber.html"}
{"type":"screen-updated","file":"/Users/ahimsa/Documents/Lakshmi/.superpowers/brainstorm/10335-1776109913/content/palette-amber.html"}
{"type":"screen-added","file":"/Users/ahimsa/Documents/Lakshmi/.superpowers/brainstorm/10335-1776109913/content/type-scale.html"}
{"type":"screen-updated","file":"/Users/ahimsa/Documents/Lakshmi/.superpowers/brainstorm/10335-1776109913/content/type-scale.html"}
{"type":"screen-updated","file":"/Users/ahimsa/Documents/Lakshmi/.superpowers/brainstorm/10335-1776109913/content/type-scale.html"}
{"type":"screen-updated","file":"/Users/ahimsa/Documents/Lakshmi/.superpowers/brainstorm/10335-1776109913/content/type-scale.html"}
{"type":"screen-added","file":"/Users/ahimsa/Documents/Lakshmi/.superpowers/brainstorm/10335-1776109913/content/type-scale-v2.html"}
{"type":"screen-updated","file":"/Users/ahimsa/Documents/Lakshmi/.superpowers/brainstorm/10335-1776109913/content/type-scale-v2.html"}
{"type":"screen-updated","file":"/Users/ahimsa/Documents/Lakshmi/.superpowers/brainstorm/10335-1776109913/content/type-scale-v2.html"}
{"type":"screen-updated","file":"/Users/ahimsa/Documents/Lakshmi/.superpowers/brainstorm/10335-1776109913/content/type-scale-v2.html"}
{"type":"screen-added","file":"/Users/ahimsa/Documents/Lakshmi/.superpowers/brainstorm/10335-1776109913/content/fonts.html"}
{"type":"screen-updated","file":"/Users/ahimsa/Documents/Lakshmi/.superpowers/brainstorm/10335-1776109913/content/fonts.html"}
{"type":"screen-updated","file":"/Users/ahimsa/Documents/Lakshmi/.superpowers/brainstorm/10335-1776109913/content/fonts.html"}
{"type":"screen-updated","file":"/Users/ahimsa/Documents/Lakshmi/.superpowers/brainstorm/10335-1776109913/content/fonts.html"}
{"type":"screen-added","file":"/Users/ahimsa/Documents/Lakshmi/.superpowers/brainstorm/10335-1776109913/content/locked.html"}
{"type":"screen-updated","file":"/Users/ahimsa/Documents/Lakshmi/.superpowers/brainstorm/10335-1776109913/content/locked.html"}
{"type":"screen-updated","file":"/Users/ahimsa/Documents/Lakshmi/.superpowers/brainstorm/10335-1776109913/content/locked.html"}
{"type":"screen-updated","file":"/Users/ahimsa/Documents/Lakshmi/.superpowers/brainstorm/10335-1776109913/content/locked.html"}
{"type":"screen-added","file":"/Users/ahimsa/Documents/Lakshmi/.superpowers/brainstorm/10335-1776109913/content/components.html"}
{"type":"screen-updated","file":"/Users/ahimsa/Documents/Lakshmi/.superpowers/brainstorm/10335-1776109913/content/components.html"}
{"type":"screen-updated","file":"/Users/ahimsa/Documents/Lakshmi/.superpowers/brainstorm/10335-1776109913/content/components.html"}
{"type":"screen-updated","file":"/Users/ahimsa/Documents/Lakshmi/.superpowers/brainstorm/10335-1776109913/content/components.html"}
{"type":"server-stopped","reason":"idle timeout"}
